<?xml version="1.0" encoding="UTF-8"?>
<testsuite name="HelloWorldTest" tests="1" skipped="0" failures="0" errors="0" timestamp="2023-01-29T07:51:38" hostname="coding-amd64" time="0.027">
  <properties/>
  <testcase name="helloWorldTest" classname="HelloWorldTest" time="0.027"/>
  <system-out><![CDATA[]]></system-out>
  <system-err><![CDATA[]]></system-err>
</testsuite>
