<?xml version="1.0" encoding="UTF-8"?>
<testsuite name="ReverseStringTest" tests="6" skipped="0" failures="0" errors="0" timestamp="2023-02-09T09:28:10" hostname="8345d280b3d8" time="0.055">
  <properties/>
  <testcase name="testAWord" classname="ReverseStringTest" time="0.042"/>
  <testcase name="testAnEmptyString" classname="ReverseStringTest" time="0.001"/>
  <testcase name="testACapitalizedWord" classname="ReverseStringTest" time="0.003"/>
  <testcase name="testASentenceWithPunctuation" classname="ReverseStringTest" time="0.001"/>
  <testcase name="testAPalindrome" classname="ReverseStringTest" time="0.001"/>
  <testcase name="testAnEvenSizedWord" classname="ReverseStringTest" time="0.001"/>
  <system-out><![CDATA[]]></system-out>
  <system-err><![CDATA[]]></system-err>
</testsuite>
